14:18:43 **** Rebuild of configuration Debug for project ex1 ****
Info: Internal Builder is used for build
gcc -O0 -g3 -Wall -c -fmessage-length=0 -o main.o "..\\main.c" 
..\main.c:12:11: error: unknown type name 'string'
 int check(string[],name[])
           ^~~~~~
..\main.c:12:20: error: unknown type name 'name'
 int check(string[],name[])
                    ^~~~
..\main.c: In function 'main':
..\main.c:50:7: warning: passing argument 1 of 'gets' from incompatible pointer type [-Wincompatible-pointer-types]
  gets(string);
       ^~~~~~
In file included from ..\main.c:9:0:
c:\mingw\include\stdio.h:676:41: note: expected 'char *' but argument is of type 'int *'
 _CRTIMP __cdecl __MINGW_NOTHROW  char * gets (char *);
                                         ^~~~
..\main.c:54:7: warning: passing argument 1 of 'gets' from incompatible pointer type [-Wincompatible-pointer-types]
  gets(string);
       ^~~~~~
In file included from ..\main.c:9:0:
c:\mingw\include\stdio.h:676:41: note: expected 'char *' but argument is of type 'int *'
 _CRTIMP __cdecl __MINGW_NOTHROW  char * gets (char *);
                                         ^~~~
..\main.c:56:2: warning: implicit declaration of function 'check' [-Wimplicit-function-declaration]
  check(&string,&name);
  ^~~~~
..\main.c:46:30: warning: unused variable 'j' [-Wunused-variable]
  int string[100],name[100],i,j;
                              ^
..\main.c:46:28: warning: unused variable 'i' [-Wunused-variable]
  int string[100],name[100],i,j;
                            ^
14:19:43 **** Incremental Build of configuration Debug for project ex1 ****
Info: Internal Builder is used for build
gcc -O0 -g3 -Wall -c -fmessage-length=0 -o main.o "..\\main.c" 
..\main.c:12:11: error: unknown type name 'string'
 int check(string[],name[])
           ^~~~~~
..\main.c:12:20: error: unknown type name 'name'
 int check(string[],name[])
                    ^~~~
..\main.c: In function 'main':
..\main.c:50:7: warning: passing argument 1 of 'gets' from incompatible pointer type [-Wincompatible-pointer-types]
  gets(string);
       ^~~~~~
In file included from ..\main.c:9:0:
c:\mingw\include\stdio.h:676:41: note: expected 'char *' but argument is of type 'int *'
 _CRTIMP __cdecl __MINGW_NOTHROW  char * gets (char *);
                                         ^~~~
..\main.c:54:7: warning: passing argument 1 of 'gets' from incompatible pointer type [-Wincompatible-pointer-types]
  gets(string);
       ^~~~~~
In file included from ..\main.c:9:0:
c:\mingw\include\stdio.h:676:41: note: expected 'char *' but argument is of type 'int *'
 _CRTIMP __cdecl __MINGW_NOTHROW  char * gets (char *);
                                         ^~~~
..\main.c:56:2: warning: implicit declaration of function 'check' [-Wimplicit-function-declaration]
  check(&string,&name);
  ^~~~~
14:25:10 **** Incremental Build of configuration Debug for project ex1 ****
Info: Internal Builder is used for build
gcc -O0 -g3 -Wall -c -fmessage-length=0 -o main.o "..\\main.c" 
..\main.c: In function 'check':
..\main.c:14:7: error: 'string' redeclared as different kind of symbol
  char string[100],name[100];
       ^~~~~~
..\main.c:12:16: note: previous definition of 'string' was here
 int check(char string[],char name[])
                ^~~~~~
..\main.c:14:19: error: 'name' redeclared as different kind of symbol
  char string[100],name[100];
                   ^~~~
..\main.c:12:30: note: previous definition of 'name' was here
 int check(char string[],char name[])
                              ^~~~
..\main.c:17:27: warning: left-hand operand of comma expression has no effect [-Wunused-value]
  for (x=0,y=0;string[x]!=0,name[y]!=0;x++,y++)
                           ^
..\main.c:21:15: warning: passing argument 1 of 'stricmp' makes pointer from integer without a cast [-Wint-conversion]
   if (stricmp(string[x],name[y])==0)
               ^~~~~~
In file included from ..\main.c:10:0:
c:\mingw\include\string.h:138:38: note: expected 'const char *' but argument is of type 'char'
 _CRTIMP __cdecl __MINGW_NOTHROW  int stricmp (const char *, const char *);
                                      ^~~~~~~
..\main.c:21:25: warning: passing argument 2 of 'stricmp' makes pointer from integer without a cast [-Wint-conversion]
   if (stricmp(string[x],name[y])==0)
                         ^~~~
In file included from ..\main.c:10:0:
c:\mingw\include\string.h:138:38: note: expected 'const char *' but argument is of type 'char'
 _CRTIMP __cdecl __MINGW_NOTHROW  int stricmp (const char *, const char *);
                                      ^~~~~~~
..\main.c: In function 'main':
..\main.c:57:8: warning: passing argument 1 of 'check' from incompatible pointer type [-Wincompatible-pointer-types]
  check(&string,&name);
        ^
..\main.c:12:5: note: expected 'char *' but argument is of type 'char (*)[100]'
 int check(char string[],char name[])
     ^~~~~
..\main.c:57:16: warning: passing argument 2 of 'check' from incompatible pointer type [-Wincompatible-pointer-types]
  check(&string,&name);
                ^
..\main.c:12:5: note: expected 'char *' but argument is of type 'char (*)[100]'
 int check(char string[],char name[])
     ^~~~~
14:27:03 **** Incremental Build of configuration Debug for project ex1 ****
Info: Internal Builder is used for build
gcc -O0 -g3 -Wall -c -fmessage-length=0 -o main.o "..\\main.c" 
..\main.c: In function 'check':
..\main.c:14:7: error: 'string' redeclared as different kind of symbol
  char string[100],name[100];
       ^~~~~~
..\main.c:12:16: note: previous definition of 'string' was here
 int check(char string[],char name[])
                ^~~~~~
..\main.c:14:19: error: 'name' redeclared as different kind of symbol
  char string[100],name[100];
                   ^~~~
..\main.c:12:30: note: previous definition of 'name' was here
 int check(char string[],char name[])
                              ^~~~
..\main.c:17:27: warning: left-hand operand of comma expression has no effect [-Wunused-value]
  for (x=0,y=0;string[x]!=0,name[y]!=0;x++,y++)
                           ^
..\main.c:21:15: warning: passing argument 1 of 'stricmp' makes pointer from integer without a cast [-Wint-conversion]
   if (stricmp(string[x],name[y])==0)
               ^~~~~~
In file included from ..\main.c:10:0:
c:\mingw\include\string.h:138:38: note: expected 'const char *' but argument is of type 'char'
 _CRTIMP __cdecl __MINGW_NOTHROW  int stricmp (const char *, const char *);
                                      ^~~~~~~
..\main.c:21:25: warning: passing argument 2 of 'stricmp' makes pointer from integer without a cast [-Wint-conversion]
   if (stricmp(string[x],name[y])==0)
                         ^~~~
In file included from ..\main.c:10:0:
c:\mingw\include\string.h:138:38: note: expected 'const char *' but argument is of type 'char'
 _CRTIMP __cdecl __MINGW_NOTHROW  int stricmp (const char *, const char *);
                                      ^~~~~~~
..\main.c: In function 'main':
..\main.c:57:8: warning: passing argument 1 of 'check' from incompatible pointer type [-Wincompatible-pointer-types]
  check(&string,&name);
        ^
..\main.c:12:5: note: expected 'char *' but argument is of type 'char (*)[100]'
 int check(char string[],char name[])
     ^~~~~
..\main.c:57:16: warning: passing argument 2 of 'check' from incompatible pointer type [-Wincompatible-pointer-types]
  check(&string,&name);
                ^
..\main.c:12:5: note: expected 'char *' but argument is of type 'char (*)[100]'
 int check(char string[],char name[])
     ^~~~~
14:27:22 **** Incremental Build of configuration Debug for project ex1 ****
Info: Internal Builder is used for build
gcc -O0 -g3 -Wall -c -fmessage-length=0 -o main.o "..\\main.c" 
..\main.c: In function 'check':
..\main.c:17:27: warning: left-hand operand of comma expression has no effect [-Wunused-value]
  for (x=0,y=0;string[x]!=0,name[y]!=0;x++,y++)
                           ^
..\main.c:21:15: warning: passing argument 1 of 'stricmp' makes pointer from integer without a cast [-Wint-conversion]
   if (stricmp(string[x],name[y])==0)
               ^~~~~~
In file included from ..\main.c:10:0:
c:\mingw\include\string.h:138:38: note: expected 'const char *' but argument is of type 'char'
 _CRTIMP __cdecl __MINGW_NOTHROW  int stricmp (const char *, const char *);
                                      ^~~~~~~
..\main.c:21:25: warning: passing argument 2 of 'stricmp' makes pointer from integer without a cast [-Wint-conversion]
   if (stricmp(string[x],name[y])==0)
                         ^~~~
In file included from ..\main.c:10:0:
c:\mingw\include\string.h:138:38: note: expected 'const char *' but argument is of type 'char'
 _CRTIMP __cdecl __MINGW_NOTHROW  int stricmp (const char *, const char *);
                                      ^~~~~~~
..\main.c: In function 'main':
..\main.c:57:8: warning: passing argument 1 of 'check' from incompatible pointer type [-Wincompatible-pointer-types]
  check(&string,&name);
        ^
..\main.c:12:5: note: expected 'char *' but argument is of type 'char (*)[100]'
 int check(char string[],char name[])
     ^~~~~
..\main.c:57:16: warning: passing argument 2 of 'check' from incompatible pointer type [-Wincompatible-pointer-types]
  check(&string,&name);
                ^
..\main.c:12:5: note: expected 'char *' but argument is of type 'char (*)[100]'
 int check(char string[],char name[])
     ^~~~~
gcc -o ex1.exe main.o 
14:28:40 **** Incremental Build of configuration Debug for project ex1 ****
Info: Internal Builder is used for build
gcc -O0 -g3 -Wall -c -fmessage-length=0 -o main.o "..\\main.c" 
..\main.c: In function 'check':
..\main.c:17:27: warning: left-hand operand of comma expression has no effect [-Wunused-value]
  for (x=0,y=0;string[x]!=0,name[y]!=0;x++,y++)
                           ^
..\main.c:21:15: warning: passing argument 1 of 'stricmp' makes pointer from integer without a cast [-Wint-conversion]
   if (stricmp(string[x],name[y])==0)
               ^~~~~~
In file included from ..\main.c:10:0:
c:\mingw\include\string.h:138:38: note: expected 'const char *' but argument is of type 'char'
 _CRTIMP __cdecl __MINGW_NOTHROW  int stricmp (const char *, const char *);
                                      ^~~~~~~
..\main.c:21:25: warning: passing argument 2 of 'stricmp' makes pointer from integer without a cast [-Wint-conversion]
   if (stricmp(string[x],name[y])==0)
                         ^~~~
In file included from ..\main.c:10:0:
c:\mingw\include\string.h:138:38: note: expected 'const char *' but argument is of type 'char'
 _CRTIMP __cdecl __MINGW_NOTHROW  int stricmp (const char *, const char *);
                                      ^~~~~~~
gcc -o ex1.exe main.o 
14:29:17 **** Incremental Build of configuration Debug for project ex1 ****
Info: Internal Builder is used for build
gcc -O0 -g3 -Wall -c -fmessage-length=0 -o main.o "..\\main.c" 
..\main.c: In function 'check':
..\main.c:17:19: warning: left-hand operand of comma expression has no effect [-Wunused-value]
  for (string[x]!=0,name[y]!=0;x++,y++)
                   ^
..\main.c:17:19: warning: statement with no effect [-Wunused-value]
..\main.c:17:38: error: expected ';' before ')' token
  for (string[x]!=0,name[y]!=0;x++,y++)
                                      ^
..\main.c:21:15: warning: passing argument 1 of 'stricmp' makes pointer from integer without a cast [-Wint-conversion]
   if (stricmp(string[x],name[y])==0)
               ^~~~~~
In file included from ..\main.c:10:0:
c:\mingw\include\string.h:138:38: note: expected 'const char *' but argument is of type 'char'
 _CRTIMP __cdecl __MINGW_NOTHROW  int stricmp (const char *, const char *);
                                      ^~~~~~~
..\main.c:21:25: warning: passing argument 2 of 'stricmp' makes pointer from integer without a cast [-Wint-conversion]
   if (stricmp(string[x],name[y])==0)
                         ^~~~
In file included from ..\main.c:10:0:
c:\mingw\include\string.h:138:38: note: expected 'const char *' but argument is of type 'char'
 _CRTIMP __cdecl __MINGW_NOTHROW  int stricmp (const char *, const char *);
                                      ^~~~~~~
14:29:35 **** Incremental Build of configuration Debug for project ex1 ****
Info: Internal Builder is used for build
gcc -O0 -g3 -Wall -c -fmessage-length=0 -o main.o "..\\main.c" 
..\main.c: In function 'check':
..\main.c:17:19: warning: left-hand operand of comma expression has no effect [-Wunused-value]
  for (string[x]!=0,name[y]!=0;x++,y++;)
                   ^
..\main.c:17:19: warning: statement with no effect [-Wunused-value]
..\main.c:21:15: warning: passing argument 1 of 'stricmp' makes pointer from integer without a cast [-Wint-conversion]
   if (stricmp(string[x],name[y])==0)
               ^~~~~~
In file included from ..\main.c:10:0:
c:\mingw\include\string.h:138:38: note: expected 'const char *' but argument is of type 'char'
 _CRTIMP __cdecl __MINGW_NOTHROW  int stricmp (const char *, const char *);
                                      ^~~~~~~
..\main.c:21:25: warning: passing argument 2 of 'stricmp' makes pointer from integer without a cast [-Wint-conversion]
   if (stricmp(string[x],name[y])==0)
                         ^~~~
In file included from ..\main.c:10:0:
c:\mingw\include\string.h:138:38: note: expected 'const char *' but argument is of type 'char'
 _CRTIMP __cdecl __MINGW_NOTHROW  int stricmp (const char *, const char *);
                                      ^~~~~~~
gcc -o ex1.exe main.o 
14:30:49 **** Incremental Build of configuration Debug for project ex1 ****
Info: Internal Builder is used for build
gcc -O0 -g3 -Wall -c -fmessage-length=0 -o main.o "..\\main.c" 
..\main.c: In function 'check':
..\main.c:18:19: warning: left-hand operand of comma expression has no effect [-Wunused-value]
  for (string[x]!=0,name[y]!=0;x++,y++;)
                   ^
..\main.c:18:19: warning: statement with no effect [-Wunused-value]
..\main.c:22:15: warning: passing argument 1 of 'stricmp' makes pointer from integer without a cast [-Wint-conversion]
   if (stricmp(string[x],name[y])==0)
               ^~~~~~
In file included from ..\main.c:10:0:
c:\mingw\include\string.h:138:38: note: expected 'const char *' but argument is of type 'char'
 _CRTIMP __cdecl __MINGW_NOTHROW  int stricmp (const char *, const char *);
                                      ^~~~~~~
..\main.c:22:25: warning: passing argument 2 of 'stricmp' makes pointer from integer without a cast [-Wint-conversion]
   if (stricmp(string[x],name[y])==0)
                         ^~~~
In file included from ..\main.c:10:0:
c:\mingw\include\string.h:138:38: note: expected 'const char *' but argument is of type 'char'
 _CRTIMP __cdecl __MINGW_NOTHROW  int stricmp (const char *, const char *);
                                      ^~~~~~~
gcc -o ex1.exe main.o 
Info: Nothing to build for ex1
14:34:39 **** Incremental Build of configuration Debug for project ex1 ****
Info: Internal Builder is used for build
gcc -O0 -g3 -Wall -c -fmessage-length=0 -o main.o "..\\main.c" 
gcc -o ex1.exe main.o 
Info: Nothing to build for ex1
Info: Nothing to build for ex1
Info: Nothing to build for ex1
Info: Nothing to build for ex1
14:39:05 **** Incremental Build of configuration Debug for project ex1 ****
Info: Internal Builder is used for build
gcc -O0 -g3 -Wall -c -fmessage-length=0 -o main.o "..\\main.c" 
gcc -o ex1.exe main.o 
c:/mingw/bin/../lib/gcc/mingw32/6.3.0/../../../../mingw32/bin/ld.exe: cannot open output file ex1.exe: Permission denied
collect2.exe: error: ld returned 1 exit status
14:39:13 **** Incremental Build of configuration Debug for project ex1 ****
Info: Internal Builder is used for build
gcc -o ex1.exe main.o 
c:/mingw/bin/../lib/gcc/mingw32/6.3.0/../../../../mingw32/bin/ld.exe: cannot open output file ex1.exe: Permission denied
collect2.exe: error: ld returned 1 exit status
14:39:18 **** Incremental Build of configuration Debug for project ex1 ****
Info: Internal Builder is used for build
gcc -o ex1.exe main.o 
c:/mingw/bin/../lib/gcc/mingw32/6.3.0/../../../../mingw32/bin/ld.exe: cannot open output file ex1.exe: Permission denied
collect2.exe: error: ld returned 1 exit status
14:39:27 **** Incremental Build of configuration Debug for project ex1 ****
Info: Internal Builder is used for build
gcc -o ex1.exe main.o 
Info: Nothing to build for ex1
14:40:24 **** Incremental Build of configuration Debug for project ex1 ****
Info: Internal Builder is used for build
gcc -O0 -g3 -Wall -c -fmessage-length=0 -o main.o "..\\main.c" 
gcc -o ex1.exe main.o 
Info: Nothing to build for ex1
14:41:44 **** Incremental Build of configuration Debug for project ex1 ****
Info: Internal Builder is used for build
gcc -O0 -g3 -Wall -c -fmessage-length=0 -o main.o "..\\main.c" 
gcc -o ex1.exe main.o 
Info: Nothing to build for ex1
Info: Nothing to build for ex1
15:12:14 **** Rebuild of configuration Debug for project ex2 ****
Info: Internal Builder is used for build
gcc -O0 -g3 -Wall -c -fmessage-length=0 -o main.o "..\\main.c" 
gcc -o ex2.exe main.o 
Info: Nothing to build for ex2
Info: Nothing to build for ex2
Info: Nothing to build for ex1
Info: Nothing to build for ex2
Info: Nothing to build for ex1
Info: Nothing to build for ex2
Info: Nothing to build for ex1
Info: Nothing to build for ex2
Info: Nothing to build for ex2
Info: Nothing to build for ex1
15:15:25 **** Incremental Build of configuration Debug for project ex2 ****
Info: Internal Builder is used for build
gcc -O0 -g3 -Wall -c -fmessage-length=0 -o main.o "..\\main.c" 
gcc -o ex2.exe main.o 
c:/mingw/bin/../lib/gcc/mingw32/6.3.0/../../../../mingw32/bin/ld.exe: cannot open output file ex2.exe: Permission denied
collect2.exe: error: ld returned 1 exit status
15:15:32 **** Incremental Build of configuration Debug for project ex2 ****
Info: Internal Builder is used for build
gcc -o ex2.exe main.o 
c:/mingw/bin/../lib/gcc/mingw32/6.3.0/../../../../mingw32/bin/ld.exe: cannot open output file ex2.exe: Permission denied
collect2.exe: error: ld returned 1 exit status
Info: Nothing to build for ex1
15:15:41 **** Incremental Build of configuration Debug for project ex2 ****
Info: Internal Builder is used for build
gcc -o ex2.exe main.o 
Info: Nothing to build for ex2
Info: Nothing to build for ex1
15:16:46 **** Incremental Build of configuration Debug for project ex2 ****
Info: Internal Builder is used for build
gcc -O0 -g3 -Wall -c -fmessage-length=0 -o main.o "..\\main.c" 
gcc -o ex2.exe main.o 
Info: Nothing to build for ex2
Info: Nothing to build for ex1
15:18:21 **** Incremental Build of configuration Debug for project ex2 ****
Info: Internal Builder is used for build
gcc -O0 -g3 -Wall -c -fmessage-length=0 -o main.o "..\\main.c" 
gcc -o ex2.exe main.o 
Info: Nothing to build for ex2
Info: Nothing to build for ex1
15:19:07 **** Incremental Build of configuration Debug for project ex2 ****
Info: Internal Builder is used for build
gcc -O0 -g3 -Wall -c -fmessage-length=0 -o main.o "..\\main.c" 
gcc -o ex2.exe main.o 
c:/mingw/bin/../lib/gcc/mingw32/6.3.0/../../../../mingw32/bin/ld.exe: cannot open output file ex2.exe: Permission denied
collect2.exe: error: ld returned 1 exit status
15:19:10 **** Incremental Build of configuration Debug for project ex2 ****
Info: Internal Builder is used for build
gcc -o ex2.exe main.o 
c:/mingw/bin/../lib/gcc/mingw32/6.3.0/../../../../mingw32/bin/ld.exe: cannot open output file ex2.exe: Permission denied
collect2.exe: error: ld returned 1 exit status
15:19:18 **** Incremental Build of configuration Debug for project ex2 ****
Info: Internal Builder is used for build
gcc -o ex2.exe main.o 
Info: Nothing to build for ex1
15:33:47 **** Incremental Build of configuration Debug for project ex2 ****
Info: Internal Builder is used for build
gcc -O0 -g3 -Wall -c -fmessage-length=0 -o main.o "..\\main.c" 
..\main.c: In function 'swap':
..\main.c:27:35: warning: format '%d' expects argument of type 'int', but argument 2 has type 'int **' [-Wformat=]
 printf("After swapping:/nArray1: %d\t\nArray2: %d/t",&arr1,&arr2);
                                   ^
..\main.c:27:49: warning: format '%d' expects argument of type 'int', but argument 3 has type 'int **' [-Wformat=]
 printf("After swapping:/nArray1: %d\t\nArray2: %d/t",&arr1,&arr2);
                                                 ^
..\main.c: In function 'main':
..\main.c:66:38: warning: format '%d' expects argument of type 'int', but argument 2 has type 'int (*)[100]' [-Wformat=]
   printf("Before swapping:/nArray1: %d\t\nArray2: %d/t",&arr1,&arr2);
                                      ^
..\main.c:66:52: warning: format '%d' expects argument of type 'int', but argument 3 has type 'int (*)[100]' [-Wformat=]
   printf("Before swapping:/nArray1: %d\t\nArray2: %d/t",&arr1,&arr2);
                                                    ^
gcc -o ex2.exe main.o 
Info: Nothing to build for ex1
15:40:10 **** Incremental Build of configuration Debug for project ex2 ****
Info: Internal Builder is used for build
gcc -O0 -g3 -Wall -c -fmessage-length=0 -o main.o "..\\main.c" 
..\main.c: In function 'swap':
..\main.c:27:8: warning: missing terminating " character
 printf("After swapping:\r\n);
        ^
..\main.c:27:8: error: missing terminating " character
 printf("After swapping:\r\n);
        ^~~~~~~~~~~~~~~~~~~~~~
..\main.c:28:18: warning: format '%d' expects argument of type 'int', but argument 2 has type 'int **' [-Wformat=]
 printf("Array1: %d/t",&arr1);
                  ^
..\main.c:28:29: error: expected ')' before ';' token
 printf("Array1: %d/t",&arr1);
                             ^
..\main.c:28:1: warning: passing argument 1 of 'printf' makes pointer from integer without a cast [-Wint-conversion]
 printf("Array1: %d/t",&arr1);
 ^~~~~~
In file included from ..\main.c:9:0:
c:\mingw\include\stdio.h:454:38: note: expected 'const char *' but argument is of type 'int'
 _CRTIMP __cdecl __MINGW_NOTHROW  int printf (const char *, ...);
                                      ^~~~~~
..\main.c:33:1: error: expected ';' before '}' token
 }
 ^
..\main.c: In function 'main':
..\main.c:68:10: warning: missing terminating " character
   printf("Before swapping:\r\n);
          ^
..\main.c:68:10: error: missing terminating " character
   printf("Before swapping:\r\n);
          ^~~~~~~~~~~~~~~~~~~~~~~
..\main.c:69:18: warning: format '%d' expects argument of type 'int', but argument 2 has type 'int (*)[100]' [-Wformat=]
 printf("Array1: %d/t",&arr1);
                  ^
..\main.c:69:29: error: expected ')' before ';' token
 printf("Array1: %d/t",&arr1);
                             ^
..\main.c:69:1: warning: passing argument 1 of 'printf' makes pointer from integer without a cast [-Wint-conversion]
 printf("Array1: %d/t",&arr1);
 ^~~~~~
In file included from ..\main.c:9:0:
c:\mingw\include\stdio.h:454:38: note: expected 'const char *' but argument is of type 'int'
 _CRTIMP __cdecl __MINGW_NOTHROW  int printf (const char *, ...);
                                      ^~~~~~
..\main.c:76:2: error: expected ';' before '}' token
  }
  ^
..\main.c: In function 'swap':
..\main.c:33:1: warning: control reaches end of non-void function [-Wreturn-type]
 }
 ^
Info: Nothing to build for ex1
15:41:04 **** Incremental Build of configuration Debug for project ex2 ****
Info: Internal Builder is used for build
gcc -O0 -g3 -Wall -c -fmessage-length=0 -o main.o "..\\main.c" 
..\main.c: In function 'swap':
..\main.c:27:8: warning: missing terminating " character
 printf("After swapping:\n);
        ^
..\main.c:27:8: error: missing terminating " character
 printf("After swapping:\n);
        ^~~~~~~~~~~~~~~~~~~~
..\main.c:28:18: warning: format '%d' expects argument of type 'int', but argument 2 has type 'int **' [-Wformat=]
 printf("Array1: %d/t",&arr1);
                  ^
..\main.c:28:29: error: expected ')' before ';' token
 printf("Array1: %d/t",&arr1);
                             ^
..\main.c:28:1: warning: passing argument 1 of 'printf' makes pointer from integer without a cast [-Wint-conversion]
 printf("Array1: %d/t",&arr1);
 ^~~~~~
In file included from ..\main.c:9:0:
c:\mingw\include\stdio.h:454:38: note: expected 'const char *' but argument is of type 'int'
 _CRTIMP __cdecl __MINGW_NOTHROW  int printf (const char *, ...);
                                      ^~~~~~
..\main.c:33:1: error: expected ';' before '}' token
 }
 ^
..\main.c: In function 'main':
..\main.c:68:10: warning: missing terminating " character
   printf("Before swapping:\n);
          ^
..\main.c:68:10: error: missing terminating " character
   printf("Before swapping:\n);
          ^~~~~~~~~~~~~~~~~~~~~
..\main.c:69:18: warning: format '%d' expects argument of type 'int', but argument 2 has type 'int (*)[100]' [-Wformat=]
 printf("Array1: %d/t",&arr1);
                  ^
..\main.c:69:29: error: expected ')' before ';' token
 printf("Array1: %d/t",&arr1);
                             ^
..\main.c:69:1: warning: passing argument 1 of 'printf' makes pointer from integer without a cast [-Wint-conversion]
 printf("Array1: %d/t",&arr1);
 ^~~~~~
In file included from ..\main.c:9:0:
c:\mingw\include\stdio.h:454:38: note: expected 'const char *' but argument is of type 'int'
 _CRTIMP __cdecl __MINGW_NOTHROW  int printf (const char *, ...);
                                      ^~~~~~
..\main.c:76:2: error: expected ';' before '}' token
  }
  ^
..\main.c: In function 'swap':
..\main.c:33:1: warning: control reaches end of non-void function [-Wreturn-type]
 }
 ^
Info: Nothing to build for ex1
15:41:31 **** Incremental Build of configuration Debug for project ex2 ****
Info: Internal Builder is used for build
gcc -O0 -g3 -Wall -c -fmessage-length=0 -o main.o "..\\main.c" 
..\main.c: In function 'swap':
..\main.c:28:19: warning: format '%d' expects argument of type 'int', but argument 2 has type 'int **' [-Wformat=]
  printf("Array1: %d/t",&arr1);
                   ^
..\main.c:29:21: warning: format '%d' expects argument of type 'int', but argument 2 has type 'int **' [-Wformat=]
  printf("\nArray2: %d/t",&arr2);
                     ^
..\main.c: In function 'main':
..\main.c:69:19: warning: format '%d' expects argument of type 'int', but argument 2 has type 'int (*)[100]' [-Wformat=]
  printf("Array1: %d/t",&arr1);
                   ^
..\main.c:70:21: warning: format '%d' expects argument of type 'int', but argument 2 has type 'int (*)[100]' [-Wformat=]
  printf("\nArray2: %d/t",&arr2);
                     ^
gcc -o ex2.exe main.o 
Info: Nothing to build for ex1
15:42:23 **** Incremental Build of configuration Debug for project ex2 ****
Info: Internal Builder is used for build
gcc -O0 -g3 -Wall -c -fmessage-length=0 -o main.o "..\\main.c" 
..\main.c: In function 'swap':
..\main.c:28:19: warning: format '%d' expects argument of type 'int', but argument 2 has type 'int *' [-Wformat=]
  printf("Array1: %d/t",&arr1[0]);
                   ^
..\main.c:29:21: warning: format '%d' expects argument of type 'int', but argument 2 has type 'int *' [-Wformat=]
  printf("\nArray2: %d/t",&arr2[0]);
                     ^
..\main.c: In function 'main':
..\main.c:69:19: warning: format '%d' expects argument of type 'int', but argument 2 has type 'int *' [-Wformat=]
  printf("Array1: %d/t",&arr1[0]);
                   ^
..\main.c:70:21: warning: format '%d' expects argument of type 'int', but argument 2 has type 'int *' [-Wformat=]
  printf("\nArray2: %d/t",&arr2[0]);
                     ^
gcc -o ex2.exe main.o 
Info: Nothing to build for ex1
Info: Nothing to build for ex2
Info: Nothing to build for ex2
Info: Nothing to build for ex1
15:47:00 **** Incremental Build of configuration Debug for project ex2 ****
Info: Internal Builder is used for build
gcc -O0 -g3 -Wall -c -fmessage-length=0 -o main.o "..\\main.c" 
gcc -o ex2.exe main.o 
Info: Nothing to build for ex2
Info: Nothing to build for ex1
15:52:12 **** Incremental Build of configuration Debug for project ex2 ****
Info: Internal Builder is used for build
gcc -O0 -g3 -Wall -c -fmessage-length=0 -o main.o "..\\main.c" 
gcc -o ex2.exe main.o 
Info: Nothing to build for ex2
Info: Nothing to build for ex1
15:55:03 **** Incremental Build of configuration Debug for project ex2 ****
Info: Internal Builder is used for build
gcc -O0 -g3 -Wall -c -fmessage-length=0 -o main.o "..\\main.c" 
gcc -o ex2.exe main.o 
Info: Nothing to build for ex2
Info: Nothing to build for ex1
15:56:34 **** Incremental Build of configuration Debug for project ex2 ****
Info: Internal Builder is used for build
gcc -O0 -g3 -Wall -c -fmessage-length=0 -o main.o "..\\main.c" 
gcc -o ex2.exe main.o 
Info: Nothing to build for ex2
Info: Nothing to build for ex2
Info: Nothing to build for ex1
15:57:32 **** Incremental Build of configuration Debug for project ex2 ****
Info: Internal Builder is used for build
gcc -O0 -g3 -Wall -c -fmessage-length=0 -o main.o "..\\main.c" 
gcc -o ex2.exe main.o 
c:/mingw/bin/../lib/gcc/mingw32/6.3.0/../../../../mingw32/bin/ld.exe: cannot open output file ex2.exe: Permission denied
collect2.exe: error: ld returned 1 exit status
15:57:35 **** Incremental Build of configuration Debug for project ex2 ****
Info: Internal Builder is used for build
gcc -o ex2.exe main.o 
c:/mingw/bin/../lib/gcc/mingw32/6.3.0/../../../../mingw32/bin/ld.exe: cannot open output file ex2.exe: Permission denied
collect2.exe: error: ld returned 1 exit status
Info: Nothing to build for ex1
15:57:44 **** Incremental Build of configuration Debug for project ex2 ****
Info: Internal Builder is used for build
gcc -o ex2.exe main.o 
Info: Nothing to build for ex2
Info: Nothing to build for ex1
16:02:58 **** Incremental Build of configuration Debug for project ex2 ****
Info: Internal Builder is used for build
gcc -O0 -g3 -Wall -c -fmessage-length=0 -o main.o "..\\main.c" 
gcc -o ex2.exe main.o 
Info: Nothing to build for ex2
Info: Nothing to build for ex1
18:39:07 **** Incremental Build of configuration Debug for project ex2 ****
Info: Internal Builder is used for build
gcc -O0 -g3 -Wall -c -fmessage-length=0 -o main.o "..\\main.c" 
gcc -o ex2.exe main.o 
Info: Nothing to build for ex2
Info: Nothing to build for ex2
Info: Nothing to build for ex2
Info: Nothing to build for ex1
18:42:08 **** Incremental Build of configuration Debug for project ex2 ****
Info: Internal Builder is used for build
gcc -O0 -g3 -Wall -c -fmessage-length=0 -o main.o "..\\main.c" 
gcc -o ex2.exe main.o 
c:/mingw/bin/../lib/gcc/mingw32/6.3.0/../../../../mingw32/bin/ld.exe: cannot open output file ex2.exe: Permission denied
collect2.exe: error: ld returned 1 exit status
18:42:11 **** Incremental Build of configuration Debug for project ex2 ****
Info: Internal Builder is used for build
gcc -o ex2.exe main.o 
c:/mingw/bin/../lib/gcc/mingw32/6.3.0/../../../../mingw32/bin/ld.exe: cannot open output file ex2.exe: Permission denied
collect2.exe: error: ld returned 1 exit status
Info: Nothing to build for ex1
18:42:17 **** Incremental Build of configuration Debug for project ex2 ****
Info: Internal Builder is used for build
gcc -o ex2.exe main.o 
Info: Nothing to build for ex2
Info: Nothing to build for ex1
18:45:36 **** Incremental Build of configuration Debug for project ex2 ****
Info: Internal Builder is used for build
gcc -O0 -g3 -Wall -c -fmessage-length=0 -o main.o "..\\main.c" 
..\main.c:12:33: error: unknown type name 'l1'
 int swap(int arr1[], int arr2[],l1,l2)
                                 ^~
..\main.c:12:36: error: unknown type name 'l2'
 int swap(int arr1[], int arr2[],l1,l2)
                                    ^~
..\main.c: In function 'main':
..\main.c:101:2: warning: implicit declaration of function 'swap' [-Wimplicit-function-declaration]
  swap(arr1,arr2,length1,length2);
  ^~~~
Info: Nothing to build for ex1
18:45:58 **** Incremental Build of configuration Debug for project ex2 ****
Info: Internal Builder is used for build
gcc -O0 -g3 -Wall -c -fmessage-length=0 -o main.o "..\\main.c" 
gcc -o ex2.exe main.o 
Info: Nothing to build for ex2
Info: Nothing to build for ex1
18:46:55 **** Incremental Build of configuration Debug for project ex2 ****
Info: Internal Builder is used for build
gcc -O0 -g3 -Wall -c -fmessage-length=0 -o main.o "..\\main.c" 
gcc -o ex2.exe main.o 
Info: Nothing to build for ex2
Info: Nothing to build for ex1
18:48:17 **** Incremental Build of configuration Debug for project ex2 ****
Info: Internal Builder is used for build
gcc -O0 -g3 -Wall -c -fmessage-length=0 -o main.o "..\\main.c" 
gcc -o ex2.exe main.o 
Info: Nothing to build for ex2
Info: Nothing to build for ex1
19:32:49 **** Incremental Build of configuration Debug for project ex2 ****
Info: Internal Builder is used for build
gcc -O0 -g3 -Wall -c -fmessage-length=0 -o main.o "..\\main.c" 
gcc -o ex2.exe main.o 
Info: Nothing to build for ex2
Info: Nothing to build for ex1
Info: Nothing to build for ex2
14:40:04 **** Rebuild of configuration Debug for project ex3 ****
Info: Internal Builder is used for build
gcc -O0 -g3 -Wall -c -fmessage-length=0 -o main.o "..\\main.c" 
..\main.c: In function 'main':
..\main.c:64:15: error: expected expression before ']' token
  reverse(arr1[],x,length)
               ^
Info: Nothing to build for ex1
Info: Nothing to build for ex2
14:40:23 **** Incremental Build of configuration Debug for project ex3 ****
Info: Internal Builder is used for build
gcc -O0 -g3 -Wall -c -fmessage-length=0 -o main.o "..\\main.c" 
..\main.c: In function 'main':
..\main.c:64:15: error: expected expression before ']' token
  reverse(arr1[],x,length);
               ^
Info: Nothing to build for ex1
Info: Nothing to build for ex2
14:40:42 **** Incremental Build of configuration Debug for project ex3 ****
Info: Internal Builder is used for build
gcc -O0 -g3 -Wall -c -fmessage-length=0 -o main.o "..\\main.c" 
gcc -o ex3.exe main.o 
Info: Nothing to build for ex3
Info: Nothing to build for ex1
Info: Nothing to build for ex2
14:41:28 **** Incremental Build of configuration Debug for project ex3 ****
Info: Internal Builder is used for build
gcc -O0 -g3 -Wall -c -fmessage-length=0 -o main.o "..\\main.c" 
gcc -o ex3.exe main.o 
Info: Nothing to build for ex3
Info: Nothing to build for ex1
Info: Nothing to build for ex2
Info: Nothing to build for ex3
Info: Nothing to build for ex2
Info: Nothing to build for ex1
Info: Nothing to build for ex2
Info: Nothing to build for ex3
Info: Nothing to build for ex3
Info: Nothing to build for ex1
Info: Nothing to build for ex2
Info: Nothing to build for ex3
15:48:58 **** Rebuild of configuration Debug for project ex4 ****
Info: Internal Builder is used for build
gcc -O0 -g3 -Wall -c -fmessage-length=0 -o main.o "..\\main.c" 
gcc -o ex4.exe main.o 
Info: Nothing to build for ex4
Info: Nothing to build for ex1
Info: Nothing to build for ex2
Info: Nothing to build for ex3
15:50:34 **** Incremental Build of configuration Debug for project ex4 ****
Info: Internal Builder is used for build
gcc -O0 -g3 -Wall -c -fmessage-length=0 -o main.o "..\\main.c" 
gcc -o ex4.exe main.o 
Info: Nothing to build for ex4
Info: Nothing to build for ex1
Info: Nothing to build for ex2
Info: Nothing to build for ex3
Info: Nothing to build for ex4
13:40:30 **** Rebuild of configuration Debug for project ex5 ****
Info: Internal Builder is used for build
gcc -O0 -g3 -Wall -c -fmessage-length=0 -o main.o "..\\main.c" 
gcc -o ex5.exe main.o 
Info: Nothing to build for ex5
Info: Nothing to build for ex1
Info: Nothing to build for ex2
Info: Nothing to build for ex3
Info: Nothing to build for ex4
13:52:05 **** Incremental Build of configuration Debug for project ex5 ****
Info: Internal Builder is used for build
gcc -O0 -g3 -Wall -c -fmessage-length=0 -o main.o "..\\main.c" 
gcc -o ex5.exe main.o 
Info: Nothing to build for ex5
Info: Nothing to build for ex1
Info: Nothing to build for ex2
Info: Nothing to build for ex3
Info: Nothing to build for ex4
13:52:42 **** Incremental Build of configuration Debug for project ex5 ****
Info: Internal Builder is used for build
gcc -O0 -g3 -Wall -c -fmessage-length=0 -o main.o "..\\main.c" 
gcc -o ex5.exe main.o 
Info: Nothing to build for ex5
Info: Nothing to build for ex1
Info: Nothing to build for ex2
Info: Nothing to build for ex3
Info: Nothing to build for ex4
Info: Nothing to build for ex5
14:35:08 **** Rebuild of configuration Debug for project ex6 ****
Info: Internal Builder is used for build
gcc -O0 -g3 -Wall -c -fmessage-length=0 -o main.o "..\\main.c" 
..\main.c: In function 'check_power':
..\main.c:16:3: warning: implicit declaration of function 'log' [-Wimplicit-function-declaration]
 i=log(n1)/log(n2);
   ^~~
..\main.c:16:3: warning: incompatible implicit declaration of built-in function 'log'
..\main.c:16:3: note: include '<math.h>' or provide a declaration of 'log'
..\main.c:18:8: warning: implicit declaration of function 'trunc' [-Wimplicit-function-declaration]
 if (i==trunc(i))
        ^~~~~
..\main.c:18:8: warning: incompatible implicit declaration of built-in function 'trunc'
..\main.c:18:8: note: include '<math.h>' or provide a declaration of 'trunc'
gcc -o ex6.exe main.o 
Info: Nothing to build for ex1
Info: Nothing to build for ex2
Info: Nothing to build for ex3
Info: Nothing to build for ex4
Info: Nothing to build for ex5
14:35:42 **** Incremental Build of configuration Debug for project ex6 ****
Info: Internal Builder is used for build
gcc -O0 -g3 -Wall -c -fmessage-length=0 -o main.o "..\\main.c" 
gcc -o ex6.exe main.o 
Info: Nothing to build for ex6
Info: Nothing to build for ex6
Info: Nothing to build for ex6
Info: Nothing to build for ex6
Info: Nothing to build for ex1
Info: Nothing to build for ex2
Info: Nothing to build for ex3
Info: Nothing to build for ex4
Info: Nothing to build for ex5
14:52:53 **** Incremental Build of configuration Debug for project ex6 ****
Info: Internal Builder is used for build
gcc -O0 -g3 -Wall -c -fmessage-length=0 -o main.o "..\\main.c" 
..\main.c: In function 'check_power':
..\main.c:21:34: warning: format '%d' expects argument of type 'int', but argument 4 has type 'double' [-Wformat=]
  printf("(%d) is power of (%d)= %d",n1,n2,trunc(i));
                                  ^
gcc -o ex6.exe main.o 
Info: Nothing to build for ex1
Info: Nothing to build for ex2
Info: Nothing to build for ex3
Info: Nothing to build for ex4
Info: Nothing to build for ex5
14:53:45 **** Incremental Build of configuration Debug for project ex6 ****
Info: Internal Builder is used for build
gcc -O0 -g3 -Wall -c -fmessage-length=0 -o main.o "..\\main.c" 
..\main.c: In function 'check_power':
..\main.c:19:1: error: expected ';' before 'if'
 if (i==trunc(i))
 ^~
..\main.c:15:7: warning: variable 'k' set but not used [-Wunused-but-set-variable]
 int i,k;
       ^
..\main.c:31:1: warning: control reaches end of non-void function [-Wreturn-type]
 }
 ^
Info: Nothing to build for ex1
Info: Nothing to build for ex2
Info: Nothing to build for ex3
Info: Nothing to build for ex4
Info: Nothing to build for ex5
14:54:03 **** Incremental Build of configuration Debug for project ex6 ****
Info: Internal Builder is used for build
gcc -O0 -g3 -Wall -c -fmessage-length=0 -o main.o "..\\main.c" 
..\main.c: In function 'check_power':
..\main.c:20:1: error: expected ';' before 'if'
 if (i==k)
 ^~
..\main.c:15:7: warning: variable 'k' set but not used [-Wunused-but-set-variable]
 int i,k;
       ^
..\main.c:32:1: warning: control reaches end of non-void function [-Wreturn-type]
 }
 ^
Info: Nothing to build for ex1
Info: Nothing to build for ex2
Info: Nothing to build for ex3
Info: Nothing to build for ex4
Info: Nothing to build for ex5
14:54:11 **** Incremental Build of configuration Debug for project ex6 ****
Info: Internal Builder is used for build
gcc -O0 -g3 -Wall -c -fmessage-length=0 -o main.o "..\\main.c" 
gcc -o ex6.exe main.o 
Info: Nothing to build for ex6
Info: Nothing to build for ex1
Info: Nothing to build for ex2
Info: Nothing to build for ex3
Info: Nothing to build for ex4
Info: Nothing to build for ex5
14:56:08 **** Incremental Build of configuration Debug for project ex6 ****
Info: Internal Builder is used for build
gcc -O0 -g3 -Wall -c -fmessage-length=0 -o main.o "..\\main.c" 
..\main.c: In function 'check_power':
..\main.c:22:34: warning: format '%d' expects argument of type 'int', but argument 4 has type 'double' [-Wformat=]
  printf("(%d) is power of (%d)= %d",n1,n2,k);
                                  ^
gcc -o ex6.exe main.o 
Info: Nothing to build for ex1
Info: Nothing to build for ex2
Info: Nothing to build for ex3
Info: Nothing to build for ex4
Info: Nothing to build for ex5
14:56:48 **** Incremental Build of configuration Debug for project ex6 ****
Info: Internal Builder is used for build
gcc -O0 -g3 -Wall -c -fmessage-length=0 -o main.o "..\\main.c" 
..\main.c: In function 'check_power':
..\main.c:15:10: warning: unused variable 'k' [-Wunused-variable]
 double i,k;
          ^
gcc -o ex6.exe main.o 
Info: Nothing to build for ex1
Info: Nothing to build for ex2
Info: Nothing to build for ex3
Info: Nothing to build for ex4
Info: Nothing to build for ex5
14:56:57 **** Incremental Build of configuration Debug for project ex6 ****
Info: Internal Builder is used for build
gcc -O0 -g3 -Wall -c -fmessage-length=0 -o main.o "..\\main.c" 
gcc -o ex6.exe main.o 
Info: Nothing to build for ex6
Info: Nothing to build for ex1
Info: Nothing to build for ex2
Info: Nothing to build for ex3
Info: Nothing to build for ex4
Info: Nothing to build for ex5
14:57:41 **** Incremental Build of configuration Debug for project ex6 ****
Info: Internal Builder is used for build
gcc -O0 -g3 -Wall -c -fmessage-length=0 -o main.o "..\\main.c" 
..\main.c: In function 'check_power':
..\main.c:22:34: warning: format '%d' expects argument of type 'int', but argument 4 has type 'double' [-Wformat=]
  printf("(%d) is power of (%d)= %d",n1,n2,i);
                                  ^
gcc -o ex6.exe main.o 
Info: Nothing to build for ex1
Info: Nothing to build for ex2
Info: Nothing to build for ex3
Info: Nothing to build for ex4
Info: Nothing to build for ex5
14:58:33 **** Incremental Build of configuration Debug for project ex6 ****
Info: Internal Builder is used for build
gcc -O0 -g3 -Wall -c -fmessage-length=0 -o main.o "..\\main.c" 
gcc -o ex6.exe main.o 
Info: Nothing to build for ex6
Info: Nothing to build for ex6
Info: Nothing to build for ex6
Info: Nothing to build for ex1
Info: Nothing to build for ex2
Info: Nothing to build for ex3
Info: Nothing to build for ex4
Info: Nothing to build for ex5
15:03:13 **** Incremental Build of configuration Debug for project ex6 ****
Info: Internal Builder is used for build
gcc -O0 -g3 -Wall -c -fmessage-length=0 -o main.o "..\\main.c" 
gcc -o ex6.exe main.o 
15:03:14 **** Rebuild of configuration Debug for project ex7 ****
Info: Internal Builder is used for build
gcc -O0 -g3 -Wall -c -fmessage-length=0 -o main.o "..\\main.c" 
gcc -o ex7.exe main.o 
c:/mingw/bin/../lib/gcc/mingw32/6.3.0/../../../libmingw32.a(main.o):(.text.startup+0xa0): undefined reference to `WinMain@16'
collect2.exe: error: ld returned 1 exit status
Info: Nothing to build for ex6
Info: Nothing to build for ex6
Info: Nothing to build for ex1
Info: Nothing to build for ex2
Info: Nothing to build for ex3
Info: Nothing to build for ex4
Info: Nothing to build for ex5
Info: Nothing to build for ex6
15:12:56 **** Incremental Build of configuration Debug for project ex7 ****
Info: Internal Builder is used for build
gcc -O0 -g3 -Wall -c -fmessage-length=0 -o main.o "..\\main.c" 
..\main.c: In function 'main':
..\main.c:56:14: error: 'num' undeclared (first use in this function)
  scanf("%d",&num);
              ^~~
..\main.c:56:14: note: each undeclared identifier is reported only once for each function it appears in
Info: Nothing to build for ex1
Info: Nothing to build for ex2
Info: Nothing to build for ex3
Info: Nothing to build for ex4
Info: Nothing to build for ex5
Info: Nothing to build for ex6
15:13:21 **** Incremental Build of configuration Debug for project ex7 ****
Info: Internal Builder is used for build
gcc -O0 -g3 -Wall -c -fmessage-length=0 -o main.o "..\\main.c" 
gcc -o ex7.exe main.o 
Info: Nothing to build for ex7
Info: Nothing to build for ex1
Info: Nothing to build for ex2
Info: Nothing to build for ex3
Info: Nothing to build for ex4
Info: Nothing to build for ex5
Info: Nothing to build for ex6
15:15:04 **** Incremental Build of configuration Debug for project ex7 ****
Info: Internal Builder is used for build
gcc -O0 -g3 -Wall -c -fmessage-length=0 -o main.o "..\\main.c" 
gcc -o ex7.exe main.o 
Info: Nothing to build for ex7
Info: Nothing to build for ex1
Info: Nothing to build for ex2
Info: Nothing to build for ex3
Info: Nothing to build for ex4
Info: Nothing to build for ex5
Info: Nothing to build for ex6
Info: Nothing to build for ex7
Info: Nothing to build for ex7
Info: Nothing to build for ex6
Info: Nothing to build for ex1
Info: Nothing to build for ex2
Info: Nothing to build for ex3
Info: Nothing to build for ex4
Info: Nothing to build for ex5
15:23:56 **** Incremental Build of configuration Debug for project ex6 ****
Info: Internal Builder is used for build
gcc -O0 -g3 -Wall -c -fmessage-length=0 -o main.o "..\\main.c" 
..\main.c: In function 'check_power':
..\main.c:17:17: error: 'n' undeclared (first use in this function)
 i=log(n1) / log(n);
                 ^
..\main.c:17:17: note: each undeclared identifier is reported only once for each function it appears in
Info: Nothing to build for ex7
15:23:59 **** Incremental Build of configuration Debug for project ex6 ****
Info: Internal Builder is used for build
gcc -O0 -g3 -Wall -c -fmessage-length=0 -o main.o "..\\main.c" 
..\main.c: In function 'check_power':
..\main.c:17:17: error: 'n' undeclared (first use in this function)
 i=log(n1) / log(n);
                 ^
..\main.c:17:17: note: each undeclared identifier is reported only once for each function it appears in
Info: Nothing to build for ex1
Info: Nothing to build for ex2
Info: Nothing to build for ex3
Info: Nothing to build for ex4
Info: Nothing to build for ex5
15:24:09 **** Incremental Build of configuration Debug for project ex6 ****
Info: Internal Builder is used for build
gcc -O0 -g3 -Wall -c -fmessage-length=0 -o main.o "..\\main.c" 
gcc -o ex6.exe main.o 
Info: Nothing to build for ex7
Info: Nothing to build for ex6
Info: Nothing to build for ex1
Info: Nothing to build for ex2
Info: Nothing to build for ex3
Info: Nothing to build for ex4
Info: Nothing to build for ex5
15:25:05 **** Incremental Build of configuration Debug for project ex6 ****
Info: Internal Builder is used for build
gcc -O0 -g3 -Wall -c -fmessage-length=0 -o main.o "..\\main.c" 
gcc -o ex6.exe main.o 
Info: Nothing to build for ex7
Info: Nothing to build for ex6
Info: Nothing to build for ex6
Info: Nothing to build for ex1
Info: Nothing to build for ex2
Info: Nothing to build for ex3
Info: Nothing to build for ex4
Info: Nothing to build for ex5
Info: Nothing to build for ex6
Info: Nothing to build for ex7
21:29:32 **** Rebuild of configuration Debug for project ex8 ****
Info: Internal Builder is used for build
gcc -O0 -g3 -Wall -c -fmessage-length=0 -o main.o "..\\main.c" 
..\main.c: In function 'main':
..\main.c:20:4: warning: implicit declaration of function 'atoi' [-Wimplicit-function-declaration]
  a=atoi(num);
    ^~~~
gcc -o ex8.exe main.o 
Info: Nothing to build for ex1
Info: Nothing to build for ex2
Info: Nothing to build for ex3
Info: Nothing to build for ex4
Info: Nothing to build for ex5
Info: Nothing to build for ex6
Info: Nothing to build for ex7
21:29:51 **** Incremental Build of configuration Debug for project ex8 ****
Info: Internal Builder is used for build
gcc -O0 -g3 -Wall -c -fmessage-length=0 -o main.o "..\\main.c" 
..\main.c: In function 'main':
..\main.c:21:4: warning: implicit declaration of function 'atoi' [-Wimplicit-function-declaration]
  a=atoi(num);
    ^~~~
gcc -o ex8.exe main.o 
Info: Nothing to build for ex1
Info: Nothing to build for ex2
Info: Nothing to build for ex3
Info: Nothing to build for ex4
Info: Nothing to build for ex5
Info: Nothing to build for ex6
Info: Nothing to build for ex7
21:30:29 **** Incremental Build of configuration Debug for project ex8 ****
Info: Internal Builder is used for build
gcc -O0 -g3 -Wall -c -fmessage-length=0 -o main.o "..\\main.c" 
..\main.c: In function 'main':
..\main.c:22:4: warning: implicit declaration of function 'atoi' [-Wimplicit-function-declaration]
  a=atoi(num);
    ^~~~
gcc -o ex8.exe main.o 
Info: Nothing to build for ex1
Info: Nothing to build for ex2
Info: Nothing to build for ex3
Info: Nothing to build for ex4
Info: Nothing to build for ex5
Info: Nothing to build for ex6
Info: Nothing to build for ex7
Info: Nothing to build for ex8
Info: Nothing to build for ex8
Info: Nothing to build for ex1
Info: Nothing to build for ex2
Info: Nothing to build for ex3
Info: Nothing to build for ex4
Info: Nothing to build for ex5
Info: Nothing to build for ex6
Info: Nothing to build for ex7
21:34:47 **** Incremental Build of configuration Debug for project ex8 ****
Info: Internal Builder is used for build
gcc -O0 -g3 -Wall -c -fmessage-length=0 -o main.o "..\\main.c" 
..\main.c: In function 'main':
..\main.c:22:4: warning: implicit declaration of function 'atoi' [-Wimplicit-function-declaration]
  a=atoi(num);
    ^~~~
gcc -o ex8.exe main.o 
Info: Nothing to build for ex1
Info: Nothing to build for ex2
Info: Nothing to build for ex3
Info: Nothing to build for ex4
Info: Nothing to build for ex5
Info: Nothing to build for ex6
Info: Nothing to build for ex7
21:35:10 **** Incremental Build of configuration Debug for project ex8 ****
Info: Internal Builder is used for build
gcc -O0 -g3 -Wall -c -fmessage-length=0 -o main.o "..\\main.c" 
..\main.c: In function 'main':
..\main.c:22:4: warning: implicit declaration of function 'atoi' [-Wimplicit-function-declaration]
  a=atoi(num);
    ^~~~
gcc -o ex8.exe main.o 
Info: Nothing to build for ex1
Info: Nothing to build for ex2
Info: Nothing to build for ex3
Info: Nothing to build for ex4
Info: Nothing to build for ex5
Info: Nothing to build for ex6
Info: Nothing to build for ex7
21:37:15 **** Incremental Build of configuration Debug for project ex8 ****
Info: Internal Builder is used for build
gcc -O0 -g3 -Wall -c -fmessage-length=0 -o main.o "..\\main.c" 
gcc -o ex8.exe main.o 
